<?xml version="1.0" encoding="UTF-8"?>
<!-- Generated by org.testng.reporters.JUnitXMLReporter -->
<testsuite ignored="0" hostname="LAPTOP-4N94ER1D" failures="1" tests="2" name="Default test" time="16.105" errors="0" timestamp="2022-09-06T10:25:48 IST">
  <testcase classname="io.cucumber.testng.AbstractTestNGCucumberTests" name="runScenario" time="6.443">
    <failure type="java.lang.AssertionError" message="expected [User Login Successful !] but found [Incorrect UserName or PassWord]">
      <![CDATA[java.lang.AssertionError: expected [User Login Successful !] but found [Incorrect UserName or PassWord]
at org.testng.Assert.fail(Assert.java:99)
at org.testng.Assert.failNotEquals(Assert.java:1037)
at org.testng.Assert.assertEqualsImpl(Assert.java:140)
at org.testng.Assert.assertEquals(Assert.java:122)
at org.testng.Assert.assertEquals(Assert.java:629)
at org.testng.Assert.assertEquals(Assert.java:639)
at com.cucumberFramework.stepdefinitions.loginPageStepDefinitions.i_should_verify_the_welcome_page_title(loginPageStepDefinitions.java:57)
at ✽.I should verify the welcome page title(file:///D:/Cucumber-BDD-Automation/src/test/resources/features/login/login.feature:10)
]]>
    </failure>
  </testcase> <!-- runScenario -->
  <testcase classname="io.cucumber.testng.AbstractTestNGCucumberTests" name="runScenario" time="7.147"/>
</testsuite> <!-- Default test -->
