<?xml version="1.0" encoding="UTF-8"?>
<!-- Generated by org.testng.reporters.JUnitXMLReporter -->
<testsuite ignored="0" hostname="LAPTOP-4N94ER1D" failures="1" tests="1" name="Regression Test" time="3.257" errors="0" timestamp="2022-09-03T01:16:00 IST">
  <testcase classname="io.cucumber.testng.AbstractTestNGCucumberTests" name="runScenario" time="0.637">
    <failure type="java.lang.NoSuchFieldError" message="Companion">
      <![CDATA[java.lang.NoSuchFieldError: Companion
at okhttp3.internal.Util.<clinit>(Util.kt:70)
at okhttp3.internal.concurrent.TaskRunner.<clinit>(TaskRunner.kt:309)
at okhttp3.ConnectionPool.<init>(ConnectionPool.kt:41)
at okhttp3.ConnectionPool.<init>(ConnectionPool.kt:47)
at org.openqa.selenium.remote.internal.OkHttpClient$Factory.<init>(OkHttpClient.java:116)
at org.openqa.selenium.remote.http.HttpClient$Factory.createDefault(HttpClient.java:66)
at org.openqa.selenium.remote.HttpCommandExecutor.<clinit>(HttpCommandExecutor.java:47)
at org.openqa.selenium.chrome.ChromeDriver.<init>(ChromeDriver.java:181)
at org.openqa.selenium.chrome.ChromeDriver.<init>(ChromeDriver.java:168)
at org.openqa.selenium.chrome.ChromeDriver.<init>(ChromeDriver.java:123)
at com.cucumberFramework.testBase.TestBase.selectBrowser(TestBase.java:43)
at com.cucumberFramework.stepdefinitions.ServiceHooks.initializeTest(ServiceHooks.java:27)
]]>
    </failure>
  </testcase> <!-- runScenario -->
</testsuite> <!-- Regression Test -->
