-------------------------------------------------------------------------------
Test set: TestSuite
-------------------------------------------------------------------------------
Tests run: 2, Failures: 2, Errors: 0, Skipped: 0, Time elapsed: 10.152 s <<< FAILURE! - in TestSuite
runScenario(com.cucumberFramework.testRunner.TestRunner)  Time elapsed: 5.272 s  <<< FAILURE!
org.openqa.selenium.NoSuchElementException: 
Failed to find element using By.xpath: //input[@name='password']
For documentation on this error, please visit: https://www.seleniumhq.org/exceptions/no_such_element.html
Build info: version: '3.141.59', revision: 'e82be7d358', time: '2018-11-14T08:17:03'
System info: host: 'LAPTOP-4N94ER1D', ip: '192.168.0.6', os.name: 'Windows 10', os.arch: 'amd64', os.version: '10.0', java.version: '11.0.16.1'
Driver info: driver.version: unknown
Caused by: java.lang.NullPointerException

runScenario(com.cucumberFramework.testRunner.TestRunner)  Time elapsed: 1.378 s  <<< FAILURE!
io.cucumber.testng.UndefinedStepException: 
The step 'User Clicks on Login Button' and 4 other step(s) are undefined.
You can implement these steps using the snippet(s) below:

@Given("User Clicks on Login Button")
public void user_clicks_on_login_button() {
    // Write code here that turns the phrase above into concrete actions
    throw new io.cucumber.java.PendingException();
}
@When("User Clicks on {string}")
public void user_clicks_on(String string) {
    // Write code here that turns the phrase above into concrete actions
    throw new io.cucumber.java.PendingException();
}
@Then("User is on login as user page")
public void user_is_on_login_as_user_page() {
    // Write code here that turns the phrase above into concrete actions
    throw new io.cucumber.java.PendingException();
}
@Then("user enters {string} and {string}")
public void user_enters_and(String string, String string2) {
    // Write code here that turns the phrase above into concrete actions
    throw new io.cucumber.java.PendingException();
}
@Then("user clicks on login as user button.")
public void user_clicks_on_login_as_user_button() {
    // Write code here that turns the phrase above into concrete actions
    throw new io.cucumber.java.PendingException();
}


